<?xml version="1.0" encoding="UTF-8"?>
<testsuite xmlns:xsi="http://www.w3.org/2001/XMLSchema-instance" xsi:noNamespaceSchemaLocation="https://maven.apache.org/surefire/maven-surefire-plugin/xsd/surefire-test-report.xsd" name="AZDemo.AppTest" time="0.021" tests="1" errors="0" skipped="0" failures="0">
  <properties>
    <property name="sun.desktop" value="windows"/>
    <property name="awt.toolkit" value="sun.awt.windows.WToolkit"/>
    <property name="java.specification.version" value="11"/>
    <property name="sun.cpu.isalist" value="amd64"/>
    <property name="sun.jnu.encoding" value="Cp1252"/>
    <property name="java.class.path" value="C:\Workspace\DevOn\javaprojs\DemoAzPipeLine\target\test-classes;C:\Workspace\DevOn\javaprojs\DemoAzPipeLine\target\classes;C:\Users\SING42\.m2\repository\org\junit\jupiter\junit-jupiter-api\5.4.2\junit-jupiter-api-5.4.2.jar;C:\Users\SING42\.m2\repository\org\apiguardian\apiguardian-api\1.0.0\apiguardian-api-1.0.0.jar;C:\Users\SING42\.m2\repository\org\opentest4j\opentest4j\1.1.1\opentest4j-1.1.1.jar;C:\Users\SING42\.m2\repository\org\junit\platform\junit-platform-commons\1.4.2\junit-platform-commons-1.4.2.jar;C:\Users\SING42\.m2\repository\org\junit\jupiter\junit-jupiter-engine\5.4.2\junit-jupiter-engine-5.4.2.jar;C:\Users\SING42\.m2\repository\org\junit\platform\junit-platform-engine\1.4.2\junit-platform-engine-1.4.2.jar;"/>
    <property name="java.vm.vendor" value="AdoptOpenJDK"/>
    <property name="sun.arch.data.model" value="64"/>
    <property name="user.variant" value=""/>
    <property name="java.vendor.url" value="https://adoptopenjdk.net/"/>
    <property name="user.timezone" value="Asia/Calcutta"/>
    <property name="java.vm.specification.version" value="11"/>
    <property name="os.name" value="Windows 10"/>
    <property name="sun.java.launcher" value="SUN_STANDARD"/>
    <property name="user.country" value="GB"/>
    <property name="sun.boot.library.path" value="C:\java_home\jdk-11.0.1+13\bin"/>
    <property name="sun.java.command" value="C:\Users\SING42\AppData\Local\Temp\surefire16130331145387429295\surefirebooter6402044852000833684.jar C:\Users\SING42\AppData\Local\Temp\surefire16130331145387429295 2021-03-09T19-48-05_143-jvmRun1 surefire9544934929859953178tmp surefire_0907614553087035340tmp"/>
    <property name="jdk.debug" value="release"/>
    <property name="surefire.test.class.path" value="C:\Workspace\DevOn\javaprojs\DemoAzPipeLine\target\test-classes;C:\Workspace\DevOn\javaprojs\DemoAzPipeLine\target\classes;C:\Users\SING42\.m2\repository\org\junit\jupiter\junit-jupiter-api\5.4.2\junit-jupiter-api-5.4.2.jar;C:\Users\SING42\.m2\repository\org\apiguardian\apiguardian-api\1.0.0\apiguardian-api-1.0.0.jar;C:\Users\SING42\.m2\repository\org\opentest4j\opentest4j\1.1.1\opentest4j-1.1.1.jar;C:\Users\SING42\.m2\repository\org\junit\platform\junit-platform-commons\1.4.2\junit-platform-commons-1.4.2.jar;C:\Users\SING42\.m2\repository\org\junit\jupiter\junit-jupiter-engine\5.4.2\junit-jupiter-engine-5.4.2.jar;C:\Users\SING42\.m2\repository\org\junit\platform\junit-platform-engine\1.4.2\junit-platform-engine-1.4.2.jar;"/>
    <property name="sun.cpu.endian" value="little"/>
    <property name="user.home" value="C:\Users\SING42"/>
    <property name="user.language" value="en"/>
    <property name="java.specification.vendor" value="Oracle Corporation"/>
    <property name="java.version.date" value="2018-10-16"/>
    <property name="java.home" value="C:\java_home\jdk-11.0.1+13"/>
    <property name="file.separator" value="\"/>
    <property name="basedir" value="C:\Workspace\DevOn\javaprojs\DemoAzPipeLine"/>
    <property name="java.vm.compressedOopsMode" value="Zero based"/>
    <property name="line.separator" value="&#10;"/>
    <property name="java.specification.name" value="Java Platform API Specification"/>
    <property name="java.vm.specification.vendor" value="Oracle Corporation"/>
    <property name="java.awt.graphicsenv" value="sun.awt.Win32GraphicsEnvironment"/>
    <property name="surefire.real.class.path" value="C:\Users\SING42\AppData\Local\Temp\surefire16130331145387429295\surefirebooter6402044852000833684.jar"/>
    <property name="user.script" value=""/>
    <property name="sun.management.compiler" value="HotSpot 64-Bit Tiered Compilers"/>
    <property name="java.runtime.version" value="11.0.1+13"/>
    <property name="user.name" value="SING42"/>
    <property name="path.separator" value=";"/>
    <property name="os.version" value="10.0"/>
    <property name="java.runtime.name" value="OpenJDK Runtime Environment"/>
    <property name="file.encoding" value="Cp1252"/>
    <property name="java.vm.name" value="OpenJDK 64-Bit Server VM"/>
    <property name="java.vendor.version" value="AdoptOpenJDK"/>
    <property name="localRepository" value="C:\Users\SING42\.m2\repository"/>
    <property name="java.vendor.url.bug" value="http://bugreport.java.com/bugreport/"/>
    <property name="java.io.tmpdir" value="C:\Users\SING42\AppData\Local\Temp\"/>
    <property name="java.version" value="11.0.1"/>
    <property name="user.dir" value="C:\Workspace\DevOn\javaprojs\DemoAzPipeLine"/>
    <property name="os.arch" value="amd64"/>
    <property name="java.vm.specification.name" value="Java Virtual Machine Specification"/>
    <property name="java.awt.printerjob" value="sun.awt.windows.WPrinterJob"/>
    <property name="sun.os.patch.level" value=""/>
    <property name="java.library.path" value="C:\java_home\jdk-11.0.1+13\bin;C:\WINDOWS\Sun\Java\bin;C:\WINDOWS\system32;C:\WINDOWS;C:\Users\SING42\bin;C:\Users\SING42\AppData\Local\Programs\Git\mingw64\bin;C:\Users\SING42\AppData\Local\Programs\Git\usr\local\bin;C:\Users\SING42\AppData\Local\Programs\Git\usr\bin;C:\Users\SING42\AppData\Local\Programs\Git\usr\bin;C:\Users\SING42\AppData\Local\Programs\Git\mingw64\bin;C:\Users\SING42\AppData\Local\Programs\Git\usr\bin;C:\Users\SING42\bin;C:\java_home\jdk1.8.0_261\bin;C:\oraclexe\app\oracle\product\11.2.0\server\bin;C:\Program Files (x86)\Common Files\Oracle\Java\javapath;C:\WINDOWS\system32;C:\WINDOWS;C:\WINDOWS\System32\Wbem;C:\WINDOWS\System32\WindowsPowerShell\v1.0;C:\WINDOWS\System32\OpenSSH;C:\Python27;C:\kafka_2.13-2.4.1\bin\windows;C:\Users\SING42\Programs\apache-cassandra-3.11.6\bin;C:\Users\SING42\Programs\apache-maven-3.6.3\bin;C:\Users\SING42\Programs\apache-ant-1.9.4\bin;C:\Program Files\PuTTY;C:\Users\SING42\Programs\PSCP;C:\hadoop_home\bin;C:\Users\SING42\Programs\apache-cassandra-3.11.6\tools\bin;C:\Program Files\Microsoft VS Code\bin;C:\Program Files\dotnet;C:\Users\SING42\AppData\Local\Programs\Python\Python39\Scripts;C:\Users\SING42\AppData\Local\Programs\Python\Python39;C:\Users\SING42\AppData\Local\Microsoft\WindowsApps;C:\Users\SING42\AppData\Local\Programs\Git\cmd;C:\softwares\kafka_2.11-2.4.1\bin\windows;C:\Users\SING42\Programs\apache-cassandra-3.11.6\bin;C:\Users\SING42\Programs\apache-maven-3.6.3\bin;C:\Users\SING42\.dotnet\tools;C:\Users\SING42\AppData\Local\Programs\Git\usr\bin\vendor_perl;C:\Users\SING42\AppData\Local\Programs\Git\usr\bin\core_perl;."/>
    <property name="java.vendor" value="AdoptOpenJDK"/>
    <property name="java.vm.info" value="mixed mode"/>
    <property name="java.vm.version" value="11.0.1+13"/>
    <property name="sun.io.unicode.encoding" value="UnicodeLittle"/>
    <property name="java.class.version" value="55.0"/>
  </properties>
  <testcase name="testApp" classname="AZDemo.AppTest" time="0.015"/>
</testsuite>